Init_lr20xx
radio reset
radio reset ok
LR20xx v1.24
FE calibrated at 915 MHz
Z LR20xx v1.24
PktCfg: pre=8 explicit crc=OFF len=0
nsamp:320, _bytes_per_frame:8, frame_length_bytes:0

=== Streaming Timing Analysis ===
SF:9 BW:125kHz frame_size:8 bytes
Codec2 frame period: 40 ms
Packet: 72 bytes = 9 frames
Packet time-on-air: 411 ms
Codec2 production time for packet: 360 ms
WARNING: packet_toa > production_time - buffer will drain!

--- SF Feasibility Analysis ---
SF5: 43 ms - OK (margin 317 ms)
SF6: 73 ms - OK (margin 287 ms)
SF7: 129 ms - OK (margin 231 ms)
SF8: 226 ms - OK (margin 134 ms)
SF9: 411 ms - TOO SLOW (exceeds by 51 ms)
SF10: 781 ms - TOO SLOW (exceeds by 421 ms)
SF11: 1643 ms - TOO SLOW (exceeds by 1283 ms)
SF12: 2958 ms - TOO SLOW (exceeds by 2598 ms)

Maximum usable SF: 8 (current: 9)

--- SF12 Optimal Packet Size ---
SF12: No viable packet size (even 1 frame is too slow)
=================================

SF9 TOA=411ms margin=-51ms (min=10), reducing SF...
Adjusted SF9->SF8 (TOA=226ms, margin=134ms)
NOTE: TX faster than encoding, buffering full packet
FHSS: proactive hop count = 1 (prod=360 ms, toa=226 ms)
Streaming config: feasible=0, min_init=9 frames, rec_sf=8, margin=134 ms
FHSS initialized: 50 channels, 902.2 MHz - 927.7 MHz
FHSS: RX expected payload=72 bytes
FHSS scan starting...
CAD configured: symb=4, peak=54, pnr_delta=8, timeout=36 ms (SF8 BW125kHz)
Sync preamble: 171 symbols (350 ms)
PktCfg: pre=171 explicit crc=ON len=0
FHSS scan started from ch0 (902.200 MHz)
sweep 1: 978 ms, mode=RX
sweep 2: 311 ms, mode=RX
sweep 3: 282 ms, mode=RX
sweep 4: 316 ms, mode=RX
sweep 5: 290 ms, mode=RX
CAD detected on ch23
False CAD on ch23 (noise)
CAD detected on ch36
False CAD on ch36 (noise)
sweep 6: 411 ms, mode=RX
sweep 7: 295 ms, mode=RX
sweep 8: 290 ms, mode=RX
CAD detected on ch44
False CAD on ch44 (noise)
sweep 9: 354 ms, mode=RX
CAD detected on ch7
False CAD on ch7 (noise)
CAD detected on ch16
fhss_poll timeout
fhss_poll: forcing return to scan from RX_SYNC
RX stats: rx=1 crc_err=1 hdr_err=0 false_sync=1
FHSS scan starting...
CAD configured: symb=4, peak=54, pnr_delta=8, timeout=36 ms (SF8 BW125kHz)
Sync preamble: 171 symbols (350 ms)
PktCfg: pre=171 explicit crc=ON len=0
FHSS scan started from ch0 (902.200 MHz)
CAD detected on ch0
FHSS: Invalid sync marker 0xCA on ch0
FHSS: sync fail (rssi=-26.0, snr=16.0)
RX stats: rx=1 crc_err=0 hdr_err=0 false_sync=1
FHSS scan starting...
CAD configured: symb=4, peak=54, pnr_delta=8, timeout=36 ms (SF8 BW125kHz)
Sync preamble: 171 symbols (350 ms)
PktCfg: pre=171 explicit crc=ON len=0
FHSS scan started from ch0 (902.200 MHz)
CAD detected on ch6
FHSS: Invalid sync marker 0xCA on ch6
FHSS: sync fail (rssi=-112.0, snr=0.0)
RX stats: rx=1 crc_err=0 hdr_err=0 false_sync=1
FHSS scan starting...
CAD configured: symb=4, peak=54, pnr_delta=8, timeout=36 ms (SF8 BW125kHz)
Sync preamble: 171 symbols (350 ms)
PktCfg: pre=171 explicit crc=ON len=0
FHSS scan started from ch0 (902.200 MHz)
sweep 1: 286 ms, mode=RX
CAD detected on ch5
False CAD on ch5 (noise)
CAD detected on ch16
False CAD on ch16 (noise)
CAD detected on ch46
Short preamble on ch46 (2 confirms) - data channel?
sweep 2: 545 ms, mode=RX
CAD detected on ch8
False CAD on ch8 (noise)
CAD detected on ch36
False CAD on ch36 (noise)
CAD detected on ch45
False CAD on ch45 (noise)
CAD detected on ch47
False CAD on ch47 (noise)
sweep 3: 502 ms, mode=RX
CAD detected on ch37
False CAD on ch37 (noise)
sweep 4: 341 ms, mode=RX
CAD detected on ch17
False CAD on ch17 (noise)
CAD detected on ch19
False CAD on ch19 (noise)
CAD detected on ch28
False CAD on ch28 (noise)
sweep 5: 470 ms, mode=RX
CAD detected on ch1
Short preamble on ch1 (2 confirms) - data channel?
CAD detected on ch46
False CAD on ch46 (noise)
CAD detected on ch49
False CAD on ch49 (noise)
sweep 6: 490 ms, mode=FS
CAD detected on ch0
False CAD on ch0 (noise)
CAD detected on ch25
False CAD on ch25 (noise)
CAD detected on ch47
False CAD on ch47 (noise)
sweep 7: 471 ms, mode=RX
CAD detected on ch23
False CAD on ch23 (noise)
CAD detected on ch34
False CAD on ch34 (noise)
sweep 8: 430 ms, mode=RX
CAD detected on ch9
False CAD on ch9 (noise)
CAD detected on ch18
False CAD on ch18 (noise)
CAD detected on ch20
False CAD on ch20 (noise)
CAD detected on ch46
False CAD on ch46 (noise)
sweep 9: 498 ms, mode=RX
CAD detected on ch7
False CAD on ch7 (noise)
CAD detected on ch8
False CAD on ch8 (noise)
CAD detected on ch18
False CAD on ch18 (noise)
CAD detected on ch20
False CAD on ch20 (noise)
CAD detected on ch36
False CAD on ch36 (noise)
sweep 10: 567 ms, mode=RX
CAD detected on ch16
Short preamble on ch16 (2 confirms) - data channel?
sweep 11: 362 ms, mode=RX
CAD detected on ch17
False CAD on ch17 (noise)
CAD detected on ch22
False CAD on ch22 (noise)
sweep 12: 382 ms, mode=RX
CAD detected on ch9
False CAD on ch9 (noise)
CAD detected on ch12
False CAD on ch12 (noise)
sweep 13: 396 ms, mode=RX
CAD detected on ch0
False CAD on ch0 (noise)
CAD detected on ch11
Short preamble on ch11 (1 confirms) - data channel?
CAD detected on ch36
Short preamble on ch36 (2 confirms) - data channel?
sweep 14: 612 ms, mode=RX
CAD detected on ch22
False CAD on ch22 (noise)
CAD detected on ch33
False CAD on ch33 (noise)
sweep 15: 404 ms, mode=RX
CAD detected on ch37
False CAD on ch37 (noise)
sweep 16: 348 ms, mode=RX
CAD detected on ch17
Short preamble on ch17 (1 confirms) - data channel?
sweep 17: 432 ms, mode=RX
CAD detected on ch1
Short preamble on ch1 (1 confirms) - data channel?
CAD detected on ch38
False CAD on ch38 (noise)
CAD detected on ch49
False CAD on ch49 (noise)
sweep 18: 576 ms, mode=FS
CAD detected on ch0
False CAD on ch0 (noise)
CAD detected on ch18
False CAD on ch18 (noise)
CAD detected on ch19

